<?xml version="1.0" encoding="UTF-8"?>
<testsuite xmlns:xsi="http://www.w3.org/2001/XMLSchema-instance" xsi:noNamespaceSchemaLocation="https://maven.apache.org/surefire/maven-surefire-plugin/xsd/surefire-test-report.xsd" name="com.javainuse.service.ApplicationServiceTest" time="1.281" tests="4" errors="0" skipped="0" failures="0">
  <properties>
[...]
</properties>
  <testcase name="getAll" classname="com.javainuse.service.ApplicationServiceTest" time="1.238"/>
  <testcase name="getById" classname="com.javainuse.service.ApplicationServiceTest" time="0.005"/>
  <testcase name="save" classname="com.javainuse.service.ApplicationServiceTest" time="0.007"/>
  <testcase name="getScore" classname="com.javainuse.service.ApplicationServiceTest" time="0.003"/>
</testsuite>